[2018-09-19 03:11:49] request.INFO: Matched route "admin_module_manage". {"route":"admin_module_manage","route_parameters":{"category":null,"keyword":null,"_controller":"PrestaShopBundle\\Controller\\Admin\\ModuleController::manageAction","_legacy_controller":"AdminModulesManage","_route":"admin_module_manage"},"request_uri":"http://localhost/jms_storm/admin063ihraim/index.php/module/manage?_token=FIIx7LeHzDJ3lFAvujIT5VrtWlRvxYi5F9y1Gj8oBb0","method":"GET"} []
[2018-09-19 03:11:49] security.DEBUG: Read existing security token from the session. {"key":"_security_main","token_class":"Symfony\\Component\\Security\\Core\\Authentication\\Token\\UsernamePasswordToken"} []
[2018-09-19 03:11:49] security.DEBUG: User was reloaded from a user provider. {"provider":"PrestaShopBundle\\Security\\Admin\\EmployeeProvider","username":"admin@admin.com"} []
[2018-09-19 03:11:54] app.ERROR: Data from PrestaShop Addons is invalid, and cannot fallback on cache.  {"exception":"cURL error 28: Operation timed out after 5008 milliseconds with 98032628531200 bytes received"} []
[2018-09-19 03:11:59] security.DEBUG: Stored the security token in the session. {"key":"_security_main"} []
[2018-09-19 03:12:02] request.INFO: Matched route "admin_module_notification_count". {"route":"admin_module_notification_count","route_parameters":{"_controller":"PrestaShopBundle\\Controller\\Admin\\ModuleController::notificationsCountAction","_legacy_controller":"AdminModulesNotifications","_route":"admin_module_notification_count"},"request_uri":"http://localhost/jms_storm/admin063ihraim/index.php/module/notifications/count?_token=FIIx7LeHzDJ3lFAvujIT5VrtWlRvxYi5F9y1Gj8oBb0","method":"GET"} []
[2018-09-19 03:12:02] security.DEBUG: Read existing security token from the session. {"key":"_security_main","token_class":"Symfony\\Component\\Security\\Core\\Authentication\\Token\\UsernamePasswordToken"} []
[2018-09-19 03:12:02] security.DEBUG: User was reloaded from a user provider. {"provider":"PrestaShopBundle\\Security\\Admin\\EmployeeProvider","username":"admin@admin.com"} []
[2018-09-19 03:12:07] app.ERROR: Data from PrestaShop Addons is invalid, and cannot fallback on cache.  {"exception":"cURL error 28: Operation timed out after 5008 milliseconds with 805293483098112 bytes received"} []
[2018-09-19 03:12:08] security.DEBUG: Stored the security token in the session. {"key":"_security_main"} []
[2018-09-19 03:12:44] request.INFO: Matched route "admin_module_catalog_refresh". {"route":"admin_module_catalog_refresh","route_parameters":{"category":null,"keyword":null,"_controller":"PrestaShopBundle\\Controller\\Admin\\ModuleController::refreshCatalogAction","_legacy_controller":"AdminModulesCatalog","_route":"admin_module_catalog_refresh"},"request_uri":"http://localhost/jms_storm/admin063ihraim/index.php/module/catalog/refresh?_token=FIIx7LeHzDJ3lFAvujIT5VrtWlRvxYi5F9y1Gj8oBb0","method":"GET"} []
[2018-09-19 03:12:44] security.DEBUG: Read existing security token from the session. {"key":"_security_main","token_class":"Symfony\\Component\\Security\\Core\\Authentication\\Token\\UsernamePasswordToken"} []
[2018-09-19 03:12:44] security.DEBUG: User was reloaded from a user provider. {"provider":"PrestaShopBundle\\Security\\Admin\\EmployeeProvider","username":"admin@admin.com"} []
[2018-09-19 03:12:50] app.ERROR: Data from PrestaShop Addons is invalid, and cannot fallback on cache.  {"exception":"cURL error 28: Operation timed out after 5007 milliseconds with 147785529688064 bytes received"} []
[2018-09-19 03:12:52] security.DEBUG: Stored the security token in the session. {"key":"_security_main"} []
[2018-09-19 03:12:45] request.INFO: Matched route "admin_module_notification_count". {"route":"admin_module_notification_count","route_parameters":{"_controller":"PrestaShopBundle\\Controller\\Admin\\ModuleController::notificationsCountAction","_legacy_controller":"AdminModulesNotifications","_route":"admin_module_notification_count"},"request_uri":"http://localhost/jms_storm/admin063ihraim/index.php/module/notifications/count?_token=FIIx7LeHzDJ3lFAvujIT5VrtWlRvxYi5F9y1Gj8oBb0","method":"GET"} []
[2018-09-19 03:12:52] security.DEBUG: Read existing security token from the session. {"key":"_security_main","token_class":"Symfony\\Component\\Security\\Core\\Authentication\\Token\\UsernamePasswordToken"} []
[2018-09-19 03:12:52] security.DEBUG: User was reloaded from a user provider. {"provider":"PrestaShopBundle\\Security\\Admin\\EmployeeProvider","username":"admin@admin.com"} []
[2018-09-19 03:12:58] app.ERROR: Data from PrestaShop Addons is invalid, and cannot fallback on cache.  {"exception":"cURL error 28: Operation timed out after 5008 milliseconds with 559518274551808 bytes received"} []
[2018-09-19 03:12:58] security.DEBUG: Stored the security token in the session. {"key":"_security_main"} []
[2018-09-24 00:42:24] request.INFO: Matched route "admin_module_manage". {"route":"admin_module_manage","route_parameters":{"category":null,"keyword":null,"_controller":"PrestaShopBundle\\Controller\\Admin\\ModuleController::manageAction","_legacy_controller":"AdminModulesManage","_route":"admin_module_manage"},"request_uri":"http://localhost/jms_storm/admin063ihraim/index.php/module/manage?_token=6nM0b-He1i96Orq8p9JGFRH0gzpeh2P0LAS1jFRcWsY","method":"GET"} []
[2018-09-24 00:42:24] security.INFO: Populated the TokenStorage with an anonymous Token. [] []
[2018-09-24 00:42:29] app.ERROR: Data from PrestaShop Addons is invalid, and cannot fallback on cache.  {"exception":"cURL error 28: Operation timed out after 5007 milliseconds with 0 out of 0 bytes received"} []
[2018-09-24 00:42:33] security.DEBUG: Stored the security token in the session. {"key":"_security_main"} []
[2018-09-24 00:42:36] request.INFO: Matched route "admin_module_notification_count". {"route":"admin_module_notification_count","route_parameters":{"_controller":"PrestaShopBundle\\Controller\\Admin\\ModuleController::notificationsCountAction","_legacy_controller":"AdminModulesNotifications","_route":"admin_module_notification_count"},"request_uri":"http://localhost/jms_storm/admin063ihraim/index.php/module/notifications/count?_token=6nM0b-He1i96Orq8p9JGFRH0gzpeh2P0LAS1jFRcWsY","method":"GET"} []
[2018-09-24 00:42:36] security.DEBUG: Read existing security token from the session. {"key":"_security_main","token_class":"Symfony\\Component\\Security\\Core\\Authentication\\Token\\UsernamePasswordToken"} []
[2018-09-24 00:42:36] security.DEBUG: User was reloaded from a user provider. {"provider":"PrestaShopBundle\\Security\\Admin\\EmployeeProvider","username":"admin@admin.com"} []
[2018-09-24 00:42:41] app.ERROR: Data from PrestaShop Addons is invalid, and cannot fallback on cache.  {"exception":"cURL error 28: Operation timed out after 5008 milliseconds with 209714663129088 bytes received"} []
[2018-09-24 00:42:41] security.DEBUG: Stored the security token in the session. {"key":"_security_main"} []
[2018-09-25 05:51:53] request.INFO: Matched route "admin_module_manage". {"route":"admin_module_manage","route_parameters":{"category":null,"keyword":null,"_controller":"PrestaShopBundle\\Controller\\Admin\\ModuleController::manageAction","_legacy_controller":"AdminModulesManage","_route":"admin_module_manage"},"request_uri":"http://localhost/jms_storm/admin063ihraim/index.php/module/manage?_token=AyHgkYMOVmlBtDJu8o6IpmNCIQrJk45tW0kuNlihUGY","method":"GET"} []
[2018-09-25 05:51:53] security.DEBUG: Read existing security token from the session. {"key":"_security_main","token_class":"Symfony\\Component\\Security\\Core\\Authentication\\Token\\UsernamePasswordToken"} []
[2018-09-25 05:51:53] security.DEBUG: User was reloaded from a user provider. {"provider":"PrestaShopBundle\\Security\\Admin\\EmployeeProvider","username":"admin@admin.com"} []
[2018-09-25 05:51:59] app.ERROR: Data from PrestaShop Addons is invalid, and cannot fallback on cache.  {"exception":"cURL error 28: Operation timed out after 5008 milliseconds with 950291579011072 bytes received"} []
[2018-09-25 05:52:01] security.DEBUG: Stored the security token in the session. {"key":"_security_main"} []
[2018-09-27 05:18:31] request.INFO: Matched route "admin_product_unit_action". {"route":"admin_product_unit_action","route_parameters":{"_controller":"PrestaShopBundle\\Controller\\Admin\\ProductController::unitAction","action":"duplicate","id":"28","_route":"admin_product_unit_action"},"request_uri":"http://localhost/jms_storm/admin063ihraim/index.php/product/unit/duplicate/28?_token=Z5RLv0U8KX1fJVvSX8YxKuis4o-Wz4LriHQl1z6yzJA","method":"POST"} []
[2018-09-27 05:18:31] security.DEBUG: Read existing security token from the session. {"key":"_security_main","token_class":"Symfony\\Component\\Security\\Core\\Authentication\\Token\\UsernamePasswordToken"} []
[2018-09-27 05:18:31] security.DEBUG: User was reloaded from a user provider. {"provider":"PrestaShopBundle\\Security\\Admin\\EmployeeProvider","username":"admin@admin.com"} []
[2018-09-27 05:18:31] request.CRITICAL: Uncaught PHP Exception Exception: "An error occurred while creating an object." at D:\xamppp\htdocs\jms_storm\src\Adapter\Product\AdminProductDataUpdater.php line 217 {"exception":"[object] (Exception(code: 5009): An error occurred while creating an object. at D:\\xamppp\\htdocs\\jms_storm\\src\\Adapter\\Product\\AdminProductDataUpdater.php:217)"} []
[2018-09-27 05:18:31] security.DEBUG: Stored the security token in the session. {"key":"_security_main"} []
